0 info it worked if it ends with ok
1 verbose cli [ '/usr/bin/node',
1 verbose cli   '/usr/bin/npm',
1 verbose cli   'install',
1 verbose cli   '--save-dev',
1 verbose cli   'husky',
1 verbose cli   '@commitlint/cli@commitlint/config-conventional' ]
2 info using npm@3.5.2
3 info using node@v8.10.0
4 silly loadCurrentTree Starting
5 silly install loadCurrentTree
6 silly install readLocalPackageData
7 silly fetchPackageMetaData husky
8 silly fetchPackageMetaData @commitlint/cli@commitlint/config-conventional
9 silly fetchNamedPackageData husky
10 silly mapToRegistry name husky
11 silly mapToRegistry using default registry
12 silly mapToRegistry registry https://registry.npmjs.org/
13 silly mapToRegistry uri https://registry.npmjs.org/husky
14 silly fetchOtherPackageData @commitlint/cli@commitlint/config-conventional
15 silly cache add args [ '@commitlint/cli@commitlint/config-conventional', null ]
16 verbose cache add spec @commitlint/cli@commitlint/config-conventional
17 silly cache add parsed spec Result {
17 silly cache add   raw: '@commitlint/cli@commitlint/config-conventional',
17 silly cache add   scope: '@commitlint',
17 silly cache add   name: '@commitlint/cli',
17 silly cache add   rawSpec: 'commitlint/config-conventional',
17 silly cache add   spec: 'github:commitlint/config-conventional',
17 silly cache add   type: 'hosted',
17 silly cache add   hosted:
17 silly cache add    { type: 'github',
17 silly cache add      ssh: 'git@github.com:commitlint/config-conventional.git',
17 silly cache add      sshUrl: 'git+ssh://git@github.com/commitlint/config-conventional.git',
17 silly cache add      httpsUrl: 'git+https://github.com/commitlint/config-conventional.git',
17 silly cache add      gitUrl: 'git://github.com/commitlint/config-conventional.git',
17 silly cache add      shortcut: 'github:commitlint/config-conventional',
17 silly cache add      directUrl: 'https://raw.githubusercontent.com/commitlint/config-conventional/master/package.json' } }
18 verbose addRemoteGit caching commitlint/config-conventional
19 verbose addRemoteGit commitlint/config-conventional is a repository hosted by github
20 silly tryGitProto attempting to clone git://github.com/commitlint/config-conventional.git
21 silly tryClone cloning commitlint/config-conventional via git://github.com/commitlint/config-conventional.git
22 verbose tryClone git-github-com-commitlint-config-conventional-git-d174d72b not in flight; caching
23 verbose request uri https://registry.npmjs.org/husky
24 verbose request no auth needed
25 info attempt registry request try #1 at 17:50:14
26 verbose request id d68258f7d49ae853
27 verbose etag W/"3ecb9d72e8c6e481cec8ffb2659279f4"
28 verbose lastModified Tue, 03 Jan 2023 08:01:20 GMT
29 http request GET https://registry.npmjs.org/husky
30 info git [ 'config', '--get', 'remote.origin.url' ]
31 warn addRemoteGit Error: Command failed: git config --get remote.origin.url
31 warn addRemoteGit
31 warn addRemoteGit     at ChildProcess.exithandler (child_process.js:275:12)
31 warn addRemoteGit     at emitTwo (events.js:126:13)
31 warn addRemoteGit     at ChildProcess.emit (events.js:214:7)
31 warn addRemoteGit     at maybeClose (internal/child_process.js:925:16)
31 warn addRemoteGit     at Socket.stream.socket.on (internal/child_process.js:346:11)
31 warn addRemoteGit     at emitOne (events.js:116:13)
31 warn addRemoteGit     at Socket.emit (events.js:211:7)
31 warn addRemoteGit     at Pipe._handle.close [as _onclose] (net.js:567:12)
31 warn addRemoteGit  commitlint/config-conventional resetting remote /home/luciano/.npm/_git-remotes/git-github-com-commitlint-config-conventional-git-d174d72b because of error: { Error: Command failed: git config --get remote.origin.url
31 warn addRemoteGit
31 warn addRemoteGit     at ChildProcess.exithandler (child_process.js:275:12)
31 warn addRemoteGit     at emitTwo (events.js:126:13)
31 warn addRemoteGit     at ChildProcess.emit (events.js:214:7)
31 warn addRemoteGit     at maybeClose (internal/child_process.js:925:16)
31 warn addRemoteGit     at Socket.stream.socket.on (internal/child_process.js:346:11)
31 warn addRemoteGit     at emitOne (events.js:116:13)
31 warn addRemoteGit     at Socket.emit (events.js:211:7)
31 warn addRemoteGit     at Pipe._handle.close [as _onclose] (net.js:567:12)
31 warn addRemoteGit   killed: false,
31 warn addRemoteGit   code: 1,
31 warn addRemoteGit   signal: null,
31 warn addRemoteGit   cmd: 'git config --get remote.origin.url' }
32 info resetRemote resetting /home/luciano/.npm/_git-remotes/git-github-com-commitlint-config-conventional-git-d174d72b for commitlint/config-conventional
33 silly gentlyRm /home/luciano/.npm/_git-remotes/git-github-com-commitlint-config-conventional-git-d174d72b is being purged
34 verbose gentlyRm don't care about contents; nuking /home/luciano/.npm/_git-remotes/git-github-com-commitlint-config-conventional-git-d174d72b
35 silly vacuum-fs purging /home/luciano/.npm/_git-remotes/git-github-com-commitlint-config-conventional-git-d174d72b
36 silly vacuum-fs quitting because other entries in /home/luciano/.npm/_git-remotes
37 info git [ 'clone',
37 info git   '--template=/home/luciano/.npm/_git-remotes/_templates',
37 info git   '--mirror',
37 info git   'git://github.com/commitlint/config-conventional.git',
37 info git   '/home/luciano/.npm/_git-remotes/git-github-com-commitlint-config-conventional-git-d174d72b' ]
38 http 304 https://registry.npmjs.org/husky
39 verbose headers { date: 'Mon, 20 Feb 2023 19:50:14 GMT',
39 verbose headers   connection: 'keep-alive',
39 verbose headers   'cf-ray': '79c9c5276d52276d-GIG',
39 verbose headers   age: '113',
39 verbose headers   'cache-control': 'public, max-age=300',
39 verbose headers   etag: '"3ecb9d72e8c6e481cec8ffb2659279f4"',
39 verbose headers   'last-modified': 'Tue, 03 Jan 2023 08:01:20 GMT',
39 verbose headers   vary: 'Accept-Encoding',
39 verbose headers   'cf-cache-status': 'HIT',
39 verbose headers   'x-amz-replication-status': 'COMPLETED',
39 verbose headers   server: 'cloudflare' }
40 silly get cb [ 304,
40 silly get   { date: 'Mon, 20 Feb 2023 19:50:14 GMT',
40 silly get     connection: 'keep-alive',
40 silly get     'cf-ray': '79c9c5276d52276d-GIG',
40 silly get     age: '113',
40 silly get     'cache-control': 'public, max-age=300',
40 silly get     etag: '"3ecb9d72e8c6e481cec8ffb2659279f4"',
40 silly get     'last-modified': 'Tue, 03 Jan 2023 08:01:20 GMT',
40 silly get     vary: 'Accept-Encoding',
40 silly get     'cf-cache-status': 'HIT',
40 silly get     'x-amz-replication-status': 'COMPLETED',
40 silly get     server: 'cloudflare' } ]
41 verbose etag https://registry.npmjs.org/husky from cache
42 verbose get saving husky to /home/luciano/.npm/registry.npmjs.org/husky/.cache.json
43 error git clone --template=/home/luciano/.npm/_git-remotes/_templates --mirror git://github.com/commitlint/config-conventional.git /home/luciano/.npm/_git-remotes/git-github-com-commitlint-config-conventional-git-d174d72b: Cloning into bare repository '/home/luciano/.npm/_git-remotes/git-github-com-commitlint-config-conventional-git-d174d72b'...
43 error git clone --template=/home/luciano/.npm/_git-remotes/_templates --mirror git://github.com/commitlint/config-conventional.git /home/luciano/.npm/_git-remotes/git-github-com-commitlint-config-conventional-git-d174d72b: fatal: unable to connect to github.com:
43 error git clone --template=/home/luciano/.npm/_git-remotes/_templates --mirror git://github.com/commitlint/config-conventional.git /home/luciano/.npm/_git-remotes/git-github-com-commitlint-config-conventional-git-d174d72b: github.com[0: 20.201.28.151]: errno=Tempo esgotado para conexão
44 silly tryHTTPS attempting to clone git+https://github.com/commitlint/config-conventional.git
45 silly tryClone cloning commitlint/config-conventional via git+https://github.com/commitlint/config-conventional.git
46 verbose tryClone git-https-github-com-commitlint-config-conventional-git-8323ac03 not in flight; caching
47 info git [ 'clone',
47 info git   '--template=/home/luciano/.npm/_git-remotes/_templates',
47 info git   '--mirror',
47 info git   'https://github.com/commitlint/config-conventional.git',
47 info git   '/home/luciano/.npm/_git-remotes/git-https-github-com-commitlint-config-conventional-git-8323ac03' ]
48 verbose git clone --template=/home/luciano/.npm/_git-remotes/_templates --mirror https://github.com/commitlint/config-conventional.git /home/luciano/.npm/_git-remotes/git-https-github-com-commitlint-config-conventional-git-8323ac03: Cloning into bare repository '/home/luciano/.npm/_git-remotes/git-https-github-com-commitlint-config-conventional-git-8323ac03'...
48 verbose git clone --template=/home/luciano/.npm/_git-remotes/_templates --mirror https://github.com/commitlint/config-conventional.git /home/luciano/.npm/_git-remotes/git-https-github-com-commitlint-config-conventional-git-8323ac03: remote: Support for password authentication was removed on August 13, 2021.
48 verbose git clone --template=/home/luciano/.npm/_git-remotes/_templates --mirror https://github.com/commitlint/config-conventional.git /home/luciano/.npm/_git-remotes/git-https-github-com-commitlint-config-conventional-git-8323ac03: remote: Please see https://docs.github.com/en/get-started/getting-started-with-git/about-remote-repositories#cloning-with-https-urls for information on currently recommended modes of authentication.
48 verbose git clone --template=/home/luciano/.npm/_git-remotes/_templates --mirror https://github.com/commitlint/config-conventional.git /home/luciano/.npm/_git-remotes/git-https-github-com-commitlint-config-conventional-git-8323ac03: fatal: Authentication failed for 'https://github.com/commitlint/config-conventional.git/'
49 silly trySSH attempting to clone git@github.com:commitlint/config-conventional.git
50 silly tryClone cloning commitlint/config-conventional via git@github.com:commitlint/config-conventional.git
51 verbose tryClone git-github-com-commitlint-config-conventional-git-4b4ffe43 not in flight; caching
52 info git [ 'clone',
52 info git   '--template=/home/luciano/.npm/_git-remotes/_templates',
52 info git   '--mirror',
52 info git   'git@github.com:commitlint/config-conventional.git',
52 info git   '/home/luciano/.npm/_git-remotes/git-github-com-commitlint-config-conventional-git-4b4ffe43' ]
53 error git clone --template=/home/luciano/.npm/_git-remotes/_templates --mirror git@github.com:commitlint/config-conventional.git /home/luciano/.npm/_git-remotes/git-github-com-commitlint-config-conventional-git-4b4ffe43: Cloning into bare repository '/home/luciano/.npm/_git-remotes/git-github-com-commitlint-config-conventional-git-4b4ffe43'...
53 error git clone --template=/home/luciano/.npm/_git-remotes/_templates --mirror git@github.com:commitlint/config-conventional.git /home/luciano/.npm/_git-remotes/git-github-com-commitlint-config-conventional-git-4b4ffe43: ERROR: Repository not found.
53 error git clone --template=/home/luciano/.npm/_git-remotes/_templates --mirror git@github.com:commitlint/config-conventional.git /home/luciano/.npm/_git-remotes/git-github-com-commitlint-config-conventional-git-4b4ffe43: fatal: Could not read from remote repository.
53 error git clone --template=/home/luciano/.npm/_git-remotes/_templates --mirror git@github.com:commitlint/config-conventional.git /home/luciano/.npm/_git-remotes/git-github-com-commitlint-config-conventional-git-4b4ffe43:
53 error git clone --template=/home/luciano/.npm/_git-remotes/_templates --mirror git@github.com:commitlint/config-conventional.git /home/luciano/.npm/_git-remotes/git-github-com-commitlint-config-conventional-git-4b4ffe43: Please make sure you have the correct access rights
53 error git clone --template=/home/luciano/.npm/_git-remotes/_templates --mirror git@github.com:commitlint/config-conventional.git /home/luciano/.npm/_git-remotes/git-github-com-commitlint-config-conventional-git-4b4ffe43: and the repository exists.
54 silly fetchPackageMetaData Error: Command failed: git clone --template=/home/luciano/.npm/_git-remotes/_templates --mirror git@github.com:commitlint/config-conventional.git /home/luciano/.npm/_git-remotes/git-github-com-commitlint-config-conventional-git-4b4ffe43
54 silly fetchPackageMetaData Cloning into bare repository '/home/luciano/.npm/_git-remotes/git-github-com-commitlint-config-conventional-git-4b4ffe43'...
54 silly fetchPackageMetaData ERROR: Repository not found.
54 silly fetchPackageMetaData fatal: Could not read from remote repository.
54 silly fetchPackageMetaData
54 silly fetchPackageMetaData Please make sure you have the correct access rights
54 silly fetchPackageMetaData and the repository exists.
54 silly fetchPackageMetaData
54 silly fetchPackageMetaData     at ChildProcess.exithandler (child_process.js:275:12)
54 silly fetchPackageMetaData     at emitTwo (events.js:126:13)
54 silly fetchPackageMetaData     at ChildProcess.emit (events.js:214:7)
54 silly fetchPackageMetaData     at maybeClose (internal/child_process.js:925:16)
54 silly fetchPackageMetaData     at Process.ChildProcess._handle.onexit (internal/child_process.js:209:5)
54 silly fetchPackageMetaData  error for @commitlint/cli@commitlint/config-conventional { Error: Command failed: git clone --template=/home/luciano/.npm/_git-remotes/_templates --mirror git@github.com:commitlint/config-conventional.git /home/luciano/.npm/_git-remotes/git-github-com-commitlint-config-conventional-git-4b4ffe43
54 silly fetchPackageMetaData Cloning into bare repository '/home/luciano/.npm/_git-remotes/git-github-com-commitlint-config-conventional-git-4b4ffe43'...
54 silly fetchPackageMetaData ERROR: Repository not found.
54 silly fetchPackageMetaData fatal: Could not read from remote repository.
54 silly fetchPackageMetaData
54 silly fetchPackageMetaData Please make sure you have the correct access rights
54 silly fetchPackageMetaData and the repository exists.
54 silly fetchPackageMetaData
54 silly fetchPackageMetaData     at ChildProcess.exithandler (child_process.js:275:12)
54 silly fetchPackageMetaData     at emitTwo (events.js:126:13)
54 silly fetchPackageMetaData     at ChildProcess.emit (events.js:214:7)
54 silly fetchPackageMetaData     at maybeClose (internal/child_process.js:925:16)
54 silly fetchPackageMetaData     at Process.ChildProcess._handle.onexit (internal/child_process.js:209:5)
54 silly fetchPackageMetaData   killed: false,
54 silly fetchPackageMetaData   code: 128,
54 silly fetchPackageMetaData   signal: null,
54 silly fetchPackageMetaData   cmd: 'git clone --template=/home/luciano/.npm/_git-remotes/_templates --mirror git@github.com:commitlint/config-conventional.git /home/luciano/.npm/_git-remotes/git-github-com-commitlint-config-conventional-git-4b4ffe43' }
55 silly rollbackFailedOptional Starting
56 silly rollbackFailedOptional Finishing
57 silly runTopLevelLifecycles Starting
58 silly runTopLevelLifecycles Finishing
59 silly install printInstalled
60 verbose stack Error: Command failed: git clone --template=/home/luciano/.npm/_git-remotes/_templates --mirror git@github.com:commitlint/config-conventional.git /home/luciano/.npm/_git-remotes/git-github-com-commitlint-config-conventional-git-4b4ffe43
60 verbose stack Cloning into bare repository '/home/luciano/.npm/_git-remotes/git-github-com-commitlint-config-conventional-git-4b4ffe43'...
60 verbose stack ERROR: Repository not found.
60 verbose stack fatal: Could not read from remote repository.
60 verbose stack
60 verbose stack Please make sure you have the correct access rights
60 verbose stack and the repository exists.
60 verbose stack
60 verbose stack     at ChildProcess.exithandler (child_process.js:275:12)
60 verbose stack     at emitTwo (events.js:126:13)
60 verbose stack     at ChildProcess.emit (events.js:214:7)
60 verbose stack     at maybeClose (internal/child_process.js:925:16)
60 verbose stack     at Process.ChildProcess._handle.onexit (internal/child_process.js:209:5)
61 verbose cwd /home/luciano/Code/torne-se-programador
62 error Linux 4.15.0-200-generic
63 error argv "/usr/bin/node" "/usr/bin/npm" "install" "--save-dev" "husky" "@commitlint/cli@commitlint/config-conventional"
64 error node v8.10.0
65 error npm  v3.5.2
66 error code 128
67 error Command failed: git clone --template=/home/luciano/.npm/_git-remotes/_templates --mirror git@github.com:commitlint/config-conventional.git /home/luciano/.npm/_git-remotes/git-github-com-commitlint-config-conventional-git-4b4ffe43
67 error Cloning into bare repository '/home/luciano/.npm/_git-remotes/git-github-com-commitlint-config-conventional-git-4b4ffe43'...
67 error ERROR: Repository not found.
67 error fatal: Could not read from remote repository.
67 error
67 error Please make sure you have the correct access rights
67 error and the repository exists.
68 error If you need help, you may report this error at:
68 error     <https://github.com/npm/npm/issues>
69 verbose exit [ 1, true ]
